 .  .  .  .  .  .  .  .  .  .  .  .  .  .  .  .  .  .  .  %  .  .  .  .  . 
 .  .  .  .  .  .  .  .  .  .  .  .  .  .  .  .  .  .  .  %  .  .  .  .  . 
 .  .  .  .  .  .  .  .  .  .  .  .  .  .  .  .  .  .  .  %  .  .  .  .  . 
 .  .  .  .  .  .  .  .  .  .  .  .  .  .  .  .  .  .  .  %  .  .  .  .  . 
 .  .  .  .  .  .  .  .  .  .  .  .  .  .  .  .  .  .  .  %  .  .  .  .  . 
 .  .  .  .  .  .  .  .  .  .  .  .  .  .  .  .  .  .  .  %  .  .  .  .  . 
 .  .  .  .  .  .  .  .  .  .  .  .  .  .  .  .  .  .  .  %  .  .  .  .  . 
 .  .  .  .  .  .  .  .  .  .  .  .  .  .  .  .  .  .  .  %  .  .  .  .  . 
 .  .  .  .  .  .  .  .  .  .  .  .  .  .  .  .  .  .  .  %  .  .  .  .  . 
 .  .  .  .  .  .  .  .  .  .  .  .  .  .  .  .  .  .  .  %  .  .  .  .  . 
 .  .  .  .  .  .  .  .  .  .  .  .  .  %  %  %  .  .  .  .  .  .  .  .  . 
 .  .  .  .  .  .  .  .  .  .  .  .  .  %  B  %  .  .  .  .  .  .  .  .  . 
 .  .  .  .  .  .  .  .  .  .  .  .  .  %  A  %  .  .  .  .  .  .  .  .  . 
 .  .  .  .  .  .  .  .  .  .  .  .  .  %  %  %  .  .  .  .  .  .  .  .  . 
 .  .  .  .  .  .  .  .  .  .  .  .  .  %  .  %  .  .  .  .  .  .  .  .  . 
 .  .  .  .  .  .  .  .  .  .  .  .  .  %  %  %  .  .  .  .  .  .  .  .  . 
 .  .  .  .  .  .  .  .  %  .  .  .  .  .  .  .  .  .  .  .  .  .  .  .  . 
 .  .  .  .  .  .  .  .  %  .  .  .  .  .  .  .  .  .  .  .  .  .  .  .  . 
 .  .  .  .  .  .  .  .  %  .  .  .  .  .  .  .  .  .  .  .  .  .  .  .  . 
 .  .  .  .  .  .  .  .  %  .  .  .  .  .  .  .  .  .  .  .  .  .  .  .  . 
 .  .  .  .  .  .  .  .  %  .  .  .  .  .  .  .  .  .  .  .  .  .  .  .  . 
 .  .  .  .  .  .  .  .  %  .  .  .  .  .  .  .  .  .  .  .  .  .  .  .  . 
 .  .  .  .  .  .  .  .  %  .  .  .  .  .  .  .  .  .  .  .  .  .  .  .  . 
 .  .  .  .  .  .  .  .  %  .  .  .  .  .  .  .  .  .  .  .  .  .  .  .  . 
 .  .  .  .  .  .  .  .  %  .  .  .  .  .  .  .  .  .  .  .  .  .  .  .  . 
Path not found or points are close to each other(Lenght path < 1)
